<?xml version="1.0" encoding="UTF-8"?>
<!-- Generated by org.testng.reporters.JUnitReportReporter -->
<testsuite hostname="Rajeshs-MacBook-Air.local" failures="0" tests="1" name="baseUtilFrontend.AppTest" time="0.026" errors="0" timestamp="2024-02-01T08:54:45 IST" skipped="0">
  <testcase classname="baseUtilFrontend.AppTest" name="testApp" time="0.026"/>
</testsuite> <!-- baseUtilFrontend.AppTest -->
